<?xml version="1.0" encoding="UTF-8"?>
<!-- Generated by org.testng.reporters.JUnitXMLReporter -->
<testsuite ignored="0" hostname="DESKTOP-BT7KMFQ" failures="0" tests="6" name="Test" time="97.675" errors="0" timestamp="2022-08-21T23:56:49 IST">
  <testcase classname="com.facebook.qa.test.LoginPageTest" name="LoginPageTitle" time="0.2"/>
  <testcase classname="com.facebook.qa.test.LoginPageTest" name="loginTest" time="0.423"/>
  <testcase classname="com.facebook.qa.test.ProfilePageTest" name="verifyProfilePageTest" time="7.819"/>
  <testcase classname="com.facebook.qa.test.SignUpPageTest" name="createNewAccountTest" time="3.401"/>
  <testcase classname="com.facebook.qa.test.HomePageTest" name="verifyHomePageTitleTest" time="6.678"/>
  <testcase classname="com.facebook.qa.test.HomePageTest" name="verifyUsernameTest" time="6.449"/>
</testsuite> <!-- Test -->
