<?xml version="1.0" encoding="UTF-8"?>
<testng-results ignored="0" total="6" passed="6" failed="0" skipped="0">
  <reporter-output>
  </reporter-output>
  <suite started-at="2022-08-21T23:55:10 IST" name="Suite" finished-at="2022-08-21T23:56:48 IST" duration-ms="97675">
    <groups>
    </groups>
    <test started-at="2022-08-21T23:55:10 IST" name="Test" finished-at="2022-08-21T23:56:48 IST" duration-ms="97675">
      <class name="com.facebook.qa.test.HomePageTest">
        <test-method is-config="true" signature="setUp()[pri:0, instance:com.facebook.qa.test.HomePageTest@6bca7e0d]" started-at="2022-08-21T23:55:59 IST" name="setUp" finished-at="2022-08-21T23:56:14 IST" duration-ms="15121" status="PASS">
          <reporter-output>
          </reporter-output>
        </test-method> <!-- setUp -->
        <test-method signature="verifyHomePageTitleTest()[pri:1, instance:com.facebook.qa.test.HomePageTest@6bca7e0d]" started-at="2022-08-21T23:56:15 IST" name="verifyHomePageTitleTest" finished-at="2022-08-21T23:56:21 IST" duration-ms="6678" status="PASS">
          <reporter-output>
          </reporter-output>
        </test-method> <!-- verifyHomePageTitleTest -->
        <test-method is-config="true" signature="tearDown()[pri:0, instance:com.facebook.qa.test.HomePageTest@6bca7e0d]" started-at="2022-08-21T23:56:21 IST" name="tearDown" finished-at="2022-08-21T23:56:25 IST" duration-ms="3493" status="PASS">
          <reporter-output>
          </reporter-output>
        </test-method> <!-- tearDown -->
        <test-method is-config="true" signature="setUp()[pri:0, instance:com.facebook.qa.test.HomePageTest@6bca7e0d]" started-at="2022-08-21T23:56:25 IST" name="setUp" finished-at="2022-08-21T23:56:38 IST" duration-ms="12690" status="PASS">
          <reporter-output>
          </reporter-output>
        </test-method> <!-- setUp -->
        <test-method signature="verifyUsernameTest()[pri:2, instance:com.facebook.qa.test.HomePageTest@6bca7e0d]" started-at="2022-08-21T23:56:38 IST" name="verifyUsernameTest" finished-at="2022-08-21T23:56:44 IST" duration-ms="6449" status="PASS">
          <reporter-output>
          </reporter-output>
        </test-method> <!-- verifyUsernameTest -->
        <test-method is-config="true" signature="tearDown()[pri:0, instance:com.facebook.qa.test.HomePageTest@6bca7e0d]" started-at="2022-08-21T23:56:44 IST" name="tearDown" finished-at="2022-08-21T23:56:48 IST" duration-ms="4009" status="PASS">
          <reporter-output>
          </reporter-output>
        </test-method> <!-- tearDown -->
      </class> <!-- com.facebook.qa.test.HomePageTest -->
      <class name="com.facebook.qa.test.SignUpPageTest">
        <test-method is-config="true" signature="setUp()[pri:0, instance:com.facebook.qa.test.SignUpPageTest@7f132176]" started-at="2022-08-21T23:55:39 IST" name="setUp" finished-at="2022-08-21T23:55:55 IST" duration-ms="16028" status="PASS">
          <reporter-output>
          </reporter-output>
        </test-method> <!-- setUp -->
        <test-method signature="createNewAccountTest()[pri:1, instance:com.facebook.qa.test.SignUpPageTest@7f132176]" started-at="2022-08-21T23:55:55 IST" name="createNewAccountTest" finished-at="2022-08-21T23:55:59 IST" duration-ms="3401" status="PASS">
          <reporter-output>
          </reporter-output>
        </test-method> <!-- createNewAccountTest -->
      </class> <!-- com.facebook.qa.test.SignUpPageTest -->
      <class name="com.facebook.qa.test.LoginPageTest">
        <test-method is-config="true" signature="setUp()[pri:0, instance:com.facebook.qa.test.LoginPageTest@3d3e5463]" started-at="2022-08-21T23:55:10 IST" name="setUp" finished-at="2022-08-21T23:55:18 IST" duration-ms="8062" status="PASS">
          <reporter-output>
          </reporter-output>
        </test-method> <!-- setUp -->
        <test-method signature="LoginPageTitle()[pri:1, instance:com.facebook.qa.test.LoginPageTest@3d3e5463]" started-at="2022-08-21T23:55:19 IST" name="LoginPageTitle" finished-at="2022-08-21T23:55:19 IST" duration-ms="200" status="PASS">
          <reporter-output>
          </reporter-output>
        </test-method> <!-- LoginPageTitle -->
        <test-method is-config="true" signature="setUp()[pri:0, instance:com.facebook.qa.test.LoginPageTest@3d3e5463]" started-at="2022-08-21T23:55:19 IST" name="setUp" finished-at="2022-08-21T23:55:24 IST" duration-ms="5573" status="PASS">
          <reporter-output>
          </reporter-output>
        </test-method> <!-- setUp -->
        <test-method signature="loginTest()[pri:2, instance:com.facebook.qa.test.LoginPageTest@3d3e5463]" started-at="2022-08-21T23:55:24 IST" name="loginTest" finished-at="2022-08-21T23:55:25 IST" duration-ms="423" status="PASS">
          <reporter-output>
          </reporter-output>
        </test-method> <!-- loginTest -->
      </class> <!-- com.facebook.qa.test.LoginPageTest -->
      <class name="com.facebook.qa.test.ProfilePageTest">
        <test-method is-config="true" signature="setUp()[pri:0, instance:com.facebook.qa.test.ProfilePageTest@177bea38]" started-at="2022-08-21T23:55:25 IST" name="setUp" finished-at="2022-08-21T23:55:31 IST" duration-ms="6571" status="PASS">
          <reporter-output>
          </reporter-output>
        </test-method> <!-- setUp -->
        <test-method signature="verifyProfilePageTest()[pri:1, instance:com.facebook.qa.test.ProfilePageTest@177bea38]" started-at="2022-08-21T23:55:31 IST" name="verifyProfilePageTest" finished-at="2022-08-21T23:55:39 IST" duration-ms="7819" status="PASS">
          <reporter-output>
          </reporter-output>
        </test-method> <!-- verifyProfilePageTest -->
      </class> <!-- com.facebook.qa.test.ProfilePageTest -->
    </test> <!-- Test -->
  </suite> <!-- Suite -->
</testng-results>
